nohup: ignoring input
use gpu ids is0
**************************************************************************************************** 0
0 250.56659348964692 **********
**************************************************************************************************** 1
1 215.6752580356598 **********
**************************************************************************************************** 2
2 209.2704655146599 **********
**************************************************************************************************** 3
3 207.36100956320763 **********
**************************************************************************************************** 4
4 206.54214812040328 **********
**************************************************************************************************** 5
5 206.1606728196144 **********
**************************************************************************************************** 6
6 207.42355940937995 **********
**************************************************************************************************** 7
7 207.52401211500168 **********
**************************************************************************************************** 8
8 206.3759051156044 **********
**************************************************************************************************** 9
9 205.5555773639679 **********
**************************************************************************************************** 10
10 204.136870906353 **********
**************************************************************************************************** 11
11 201.62423461318016 **********
**************************************************************************************************** 12
12 197.20241362810134 **********
**************************************************************************************************** 13
13 185.7430276632309 **********
**************************************************************************************************** 14
14 173.48874269366263 **********
**************************************************************************************************** 15
15 164.4375814163685 **********
**************************************************************************************************** 16
16 158.88661068558693 **********
**************************************************************************************************** 17
17 155.01807164549828 **********
**************************************************************************************************** 18
18 151.28446454405784 **********
**************************************************************************************************** 19
19 146.61350827634334 **********
Model saved as /data1/whao_model/pose_estimate/whole_process/eight/step--1/ep019.pth
val_loss 136.39029005408287
best_val_loss 200
Model saved as /data1/whao_model/pose_estimate/whole_process/eight/step--1/best_model.pth
Saved Best Model with Validation Loss: 136.3903
**************************************************************************************************** 20
20 125.01080224320293 **********
**************************************************************************************************** 21
21 112.10973563820124 **********
**************************************************************************************************** 22
22 106.45284659534693 **********
**************************************************************************************************** 23
23 103.05726179778576 **********
**************************************************************************************************** 24
24 99.7798587204516 **********
**************************************************************************************************** 25
25 96.50396257683634 **********
**************************************************************************************************** 26
26 93.9309136301279 **********
**************************************************************************************************** 27
27 91.10868855446577 **********
**************************************************************************************************** 28
28 89.07660481050611 **********
**************************************************************************************************** 29
29 78.25178576692939 **********
**************************************************************************************************** 30
30 69.85208845168353 **********
**************************************************************************************************** 31
31 63.45482448518276 **********
**************************************************************************************************** 32
32 58.4120035623014 **********
**************************************************************************************************** 33
33 54.92429477781057 **********
**************************************************************************************************** 34
34 51.84512973427773 **********
**************************************************************************************************** 35
35 48.79330702632666 **********
**************************************************************************************************** 36
36 46.591442516446115 **********
**************************************************************************************************** 37
37 44.70516931831837 **********
**************************************************************************************************** 38
38 43.66545873180032 **********
**************************************************************************************************** 39
39 41.53912385225296 **********
Model saved as /data1/whao_model/pose_estimate/whole_process/eight/step--1/ep039.pth
val_loss 38.562214078903196
best_val_loss 136.39029005408287
Model saved as /data1/whao_model/pose_estimate/whole_process/eight/step--1/best_model.pth
Saved Best Model with Validation Loss: 38.5622
**************************************************************************************************** 40
40 39.97010392472148 **********
**************************************************************************************************** 41
41 38.29453085750342 **********
**************************************************************************************************** 42
42 36.96524561457336 **********
**************************************************************************************************** 43
43 35.43456898994744 **********
**************************************************************************************************** 44
44 35.05722913183272 **********
**************************************************************************************************** 45
45 33.99678553521633 **********
**************************************************************************************************** 46
46 33.030987895429135 **********
**************************************************************************************************** 47
47 32.008172910660505 **********
**************************************************************************************************** 48
48 31.48764214374125 **********
**************************************************************************************************** 49
49 30.062401558235287 **********
**************************************************************************************************** 50
50 30.032188191637395 **********
**************************************************************************************************** 51
51 28.930542800202964 **********
**************************************************************************************************** 52
52 28.84962537586689 **********
**************************************************************************************************** 53
53 28.176986956968904 **********
**************************************************************************************************** 54
54 27.341094461232423 **********
**************************************************************************************************** 55
55 27.212111360505222 **********
**************************************************************************************************** 56
56 26.553151064664124 **********
**************************************************************************************************** 57
57 26.174381130337714 **********
**************************************************************************************************** 58
58 25.8860420358181 **********
**************************************************************************************************** 59
59 25.078010426759718 **********
Model saved as /data1/whao_model/pose_estimate/whole_process/eight/step--1/ep059.pth
val_loss 23.79910976484418
best_val_loss 38.562214078903196
Model saved as /data1/whao_model/pose_estimate/whole_process/eight/step--1/best_model.pth
Saved Best Model with Validation Loss: 23.7991
**************************************************************************************************** 60
60 24.9470996889472 **********
**************************************************************************************************** 61
61 24.201512202247976 **********
**************************************************************************************************** 62
62 24.31846624329686 **********
**************************************************************************************************** 63
63 23.871774044111373 **********
**************************************************************************************************** 64
64 23.38258218280971 **********
**************************************************************************************************** 65
65 23.254829070419074 **********
**************************************************************************************************** 66
66 22.688676950782536 **********
**************************************************************************************************** 67
67 22.78092583552003 **********
**************************************************************************************************** 68
68 22.32150716930628 **********
**************************************************************************************************** 69
69 21.665405199341475 **********
**************************************************************************************************** 70
70 21.539112356044352 **********
**************************************************************************************************** 71
71 21.427819414287807 **********
**************************************************************************************************** 72
72 21.199406713433564 **********
**************************************************************************************************** 73
73 20.98154712244868 **********
**************************************************************************************************** 74
74 20.732345613241197 **********
**************************************************************************************************** 75
75 20.571234795302153 **********
**************************************************************************************************** 76
76 20.320775241032244 **********
**************************************************************************************************** 77
77 20.037658351510764 **********
**************************************************************************************************** 78
78 19.84980267774314 **********
**************************************************************************************************** 79
79 19.84218339048326 **********
Model saved as /data1/whao_model/pose_estimate/whole_process/eight/step--1/ep079.pth
val_loss 19.754767881482838
best_val_loss 23.79910976484418
Model saved as /data1/whao_model/pose_estimate/whole_process/eight/step--1/best_model.pth
Saved Best Model with Validation Loss: 19.7548
**************************************************************************************************** 80
80 19.319636192321777 **********
**************************************************************************************************** 81
81 19.108492119573057 **********
**************************************************************************************************** 82
82 18.93312354423106 **********
**************************************************************************************************** 83
83 18.782042850963773 **********
**************************************************************************************************** 84
84 18.73174207210541 **********
**************************************************************************************************** 85
85 18.54642625644803 **********
**************************************************************************************************** 86
86 18.543868268951773 **********
**************************************************************************************************** 87
87 18.256084243766963 **********
**************************************************************************************************** 88
88 17.878703437261283 **********
**************************************************************************************************** 89
89 17.915227184928952 **********
**************************************************************************************************** 90
90 17.912894074358046 **********
**************************************************************************************************** 91
91 17.646130152381957 **********
**************************************************************************************************** 92
92 17.596762832924725 **********
**************************************************************************************************** 93
93 17.059808046519755 **********
**************************************************************************************************** 94
94 17.016535573899745 **********
**************************************************************************************************** 95
95 16.973839751333 **********
**************************************************************************************************** 96
96 16.780036602057518 **********
**************************************************************************************************** 97
97 16.635517210923137 **********
**************************************************************************************************** 98
98 16.490695350170135 **********
**************************************************************************************************** 99
99 16.350201541893185 **********
Model saved as /data1/whao_model/pose_estimate/whole_process/eight/step--1/ep099.pth
val_loss 16.728901339881123
best_val_loss 19.754767881482838
Model saved as /data1/whao_model/pose_estimate/whole_process/eight/step--1/best_model.pth
Saved Best Model with Validation Loss: 16.7289
**************************************************************************************************** 100
100 16.622941470444204 **********
**************************************************************************************************** 101
101 16.251731821894644 **********
**************************************************************************************************** 102
102 16.297436415813863 **********
**************************************************************************************************** 103
103 16.00565242677927 **********
**************************************************************************************************** 104
104 15.84331256993115 **********
**************************************************************************************************** 105
105 15.676039667353034 **********
**************************************************************************************************** 106
106 15.846544864550232 **********
**************************************************************************************************** 107
107 15.375557767003775 **********
**************************************************************************************************** 108
108 15.381947016678751 **********
**************************************************************************************************** 109
109 15.339913894496858 **********
**************************************************************************************************** 110
110 15.229511794671417 **********
**************************************************************************************************** 111
111 15.183581506162882 **********
**************************************************************************************************** 112
112 14.84081944655627 **********
**************************************************************************************************** 113
113 14.814463337212802 **********
**************************************************************************************************** 114
114 14.51161992624402 **********
**************************************************************************************************** 115
115 14.630908088311553 **********
**************************************************************************************************** 116
116 14.457510837577283 **********
**************************************************************************************************** 117
117 14.45821904052049 **********
**************************************************************************************************** 118
118 14.274755653329194 **********
**************************************************************************************************** 119
119 14.206240485236048 **********
Model saved as /data1/whao_model/pose_estimate/whole_process/eight/step--1/ep119.pth
val_loss 14.412995307445525
best_val_loss 16.728901339881123
Model saved as /data1/whao_model/pose_estimate/whole_process/eight/step--1/best_model.pth
Saved Best Model with Validation Loss: 14.4130
**************************************************************************************************** 120
120 14.221050829924643 **********
**************************************************************************************************** 121
121 13.908433813918382 **********
**************************************************************************************************** 122
122 13.963072601146996 **********
**************************************************************************************************** 123
123 13.91366529688239 **********
**************************************************************************************************** 124
124 13.655534512940795 **********
**************************************************************************************************** 125
125 13.64530515678227 **********
**************************************************************************************************** 126
126 13.675550320968032 **********
**************************************************************************************************** 127
127 13.647443079538643 **********
**************************************************************************************************** 128
128 13.33350232988596 **********
**************************************************************************************************** 129
129 13.315439689084888 **********
**************************************************************************************************** 130
130 13.193019765727222 **********
**************************************************************************************************** 131
131 13.217016986533999 **********
**************************************************************************************************** 132
132 13.153117468506098 **********
**************************************************************************************************** 133
133 12.981263024024665 **********
**************************************************************************************************** 134
134 12.90352353259921 **********
**************************************************************************************************** 135
135 12.875413385406137 **********
**************************************************************************************************** 136
136 12.853261170834303 **********
**************************************************************************************************** 137
137 12.49338757544756 **********
**************************************************************************************************** 138
138 12.629060396831482 **********
**************************************************************************************************** 139
139 12.751962929330766 **********
Model saved as /data1/whao_model/pose_estimate/whole_process/eight/step--1/ep139.pth
val_loss 12.378167562931775
best_val_loss 14.412995307445525
Model saved as /data1/whao_model/pose_estimate/whole_process/eight/step--1/best_model.pth
Saved Best Model with Validation Loss: 12.3782
**************************************************************************************************** 140
140 12.285617015175522 **********
**************************************************************************************************** 141
141 12.329366200119257 **********
**************************************************************************************************** 142
142 12.35998904749751 **********
**************************************************************************************************** 143
143 12.263161574378609 **********
**************************************************************************************************** 144
144 12.242221770249307 **********
**************************************************************************************************** 145
145 11.944516573026776 **********
**************************************************************************************************** 146
146 12.268862772360444 **********
**************************************************************************************************** 147
147 12.15444571148604 **********
**************************************************************************************************** 148
148 11.8807719431445 **********
**************************************************************************************************** 149
149 12.02892301093787 **********
**************************************************************************************************** 150
150 11.964339232519269 **********
**************************************************************************************************** 151
151 11.772303196899593 **********
**************************************************************************************************** 152
152 11.830451503843069 **********
**************************************************************************************************** 153
153 11.746625591143966 **********
**************************************************************************************************** 154
154 11.658330425210297 **********
**************************************************************************************************** 155
155 11.712771669737995 **********
**************************************************************************************************** 156
156 11.527480338588356 **********
**************************************************************************************************** 157
157 11.495409648157656 **********
**************************************************************************************************** 158
158 11.42011769849807 **********
**************************************************************************************************** 159
159 11.259839913249015 **********
Model saved as /data1/whao_model/pose_estimate/whole_process/eight/step--1/ep159.pth
val_loss 10.625787542313338
best_val_loss 12.378167562931775
Model saved as /data1/whao_model/pose_estimate/whole_process/eight/step--1/best_model.pth
Saved Best Model with Validation Loss: 10.6258
**************************************************************************************************** 160
160 11.327866080831736 **********
**************************************************************************************************** 161
161 11.399528673179448 **********
**************************************************************************************************** 162
162 11.351447104141116 **********
**************************************************************************************************** 163
163 11.158110529854893 **********
**************************************************************************************************** 164
164 10.99087659150362 **********
**************************************************************************************************** 165
165 11.167893380466849 **********
**************************************************************************************************** 166
166 11.047045421879739 **********
**************************************************************************************************** 167
167 10.900131018720566 **********
**************************************************************************************************** 168
168 10.968342945054173 **********
**************************************************************************************************** 169
169 10.848161944188178 **********
**************************************************************************************************** 170
170 10.838707736991346 **********
**************************************************************************************************** 171
171 10.655021508261562 **********
**************************************************************************************************** 172
172 10.759868038594723 **********
**************************************************************************************************** 173
173 10.62213540751487 **********
**************************************************************************************************** 174
174 10.593090052008629 **********
**************************************************************************************************** 175
175 10.756525129899382 **********
**************************************************************************************************** 176
176 10.671274577602745 **********
**************************************************************************************************** 177
177 10.564671369213611 **********
**************************************************************************************************** 178
178 nan **********
**************************************************************************************************** 179
179 nan **********
Model saved as /data1/whao_model/pose_estimate/whole_process/eight/step--1/ep179.pth
trigger_times 1
**************************************************************************************************** 180
180 nan **********
**************************************************************************************************** 181
181 nan **********
**************************************************************************************************** 182
182 nan **********
**************************************************************************************************** 183
183 nan **********
**************************************************************************************************** 184
184 nan **********
**************************************************************************************************** 185
185 nan **********
**************************************************************************************************** 186
186 nan **********
**************************************************************************************************** 187
187 nan **********
**************************************************************************************************** 188
188 nan **********
**************************************************************************************************** 189
189 nan **********
**************************************************************************************************** 190
190 nan **********
**************************************************************************************************** 191
191 nan **********
**************************************************************************************************** 192
192 nan **********
**************************************************************************************************** 193
193 nan **********
**************************************************************************************************** 194
194 nan **********
**************************************************************************************************** 195
195 nan **********
**************************************************************************************************** 196
196 nan **********
**************************************************************************************************** 197
197 nan **********
**************************************************************************************************** 198
198 nan **********
**************************************************************************************************** 199
199 nan **********
Model saved as /data1/whao_model/pose_estimate/whole_process/eight/step--1/ep199.pth
trigger_times 2
**************************************************************************************************** 200
200 nan **********
**************************************************************************************************** 201
201 nan **********
**************************************************************************************************** 202
202 nan **********
**************************************************************************************************** 203
203 nan **********
**************************************************************************************************** 204
204 nan **********
**************************************************************************************************** 205
205 nan **********
**************************************************************************************************** 206
206 nan **********
**************************************************************************************************** 207
207 nan **********
**************************************************************************************************** 208
208 nan **********
**************************************************************************************************** 209
209 nan **********
**************************************************************************************************** 210
210 nan **********
**************************************************************************************************** 211
211 nan **********
**************************************************************************************************** 212
212 nan **********
**************************************************************************************************** 213
213 nan **********
**************************************************************************************************** 214
214 nan **********
**************************************************************************************************** 215
215 nan **********
**************************************************************************************************** 216
216 nan **********
**************************************************************************************************** 217
217 nan **********
**************************************************************************************************** 218
218 nan **********
**************************************************************************************************** 219
219 nan **********
Model saved as /data1/whao_model/pose_estimate/whole_process/eight/step--1/ep219.pth
trigger_times 3
**************************************************************************************************** 220
220 nan **********
**************************************************************************************************** 221
221 nan **********
**************************************************************************************************** 222
222 nan **********
**************************************************************************************************** 223
223 nan **********
**************************************************************************************************** 224
224 nan **********
**************************************************************************************************** 225
225 nan **********
**************************************************************************************************** 226
226 nan **********
**************************************************************************************************** 227
227 nan **********
**************************************************************************************************** 228
228 nan **********
**************************************************************************************************** 229
229 nan **********
**************************************************************************************************** 230
230 nan **********
**************************************************************************************************** 231
231 nan **********
**************************************************************************************************** 232
232 nan **********
**************************************************************************************************** 233
233 nan **********
**************************************************************************************************** 234
234 nan **********
**************************************************************************************************** 235
235 nan **********
**************************************************************************************************** 236
236 nan **********
**************************************************************************************************** 237
237 nan **********
**************************************************************************************************** 238
238 nan **********
**************************************************************************************************** 239
239 nan **********
Model saved as /data1/whao_model/pose_estimate/whole_process/eight/step--1/ep239.pth
trigger_times 4
Early stopping triggered!
