nohup: ignoring input
use gpu ids is0
**************************************************************************************************** 0
0 250.37691050052644 **********
**************************************************************************************************** 1
1 226.42900863170624 **********
**************************************************************************************************** 2
2 211.0665871620178 **********
**************************************************************************************************** 3
3 204.40267728805543 **********
**************************************************************************************************** 4
4 200.35664227962494 **********
**************************************************************************************************** 5
5 193.99345805168153 **********
**************************************************************************************************** 6
6 186.99096735715867 **********
**************************************************************************************************** 7
7 185.82226298809053 **********
**************************************************************************************************** 8
8 209.45292045354844 **********
**************************************************************************************************** 9
9 207.1858778309822 **********
**************************************************************************************************** 10
10 181.91068711400032 **********
**************************************************************************************************** 11
11 155.31344566226005 **********
**************************************************************************************************** 12
12 144.56928063869475 **********
**************************************************************************************************** 13
13 135.69431641101838 **********
**************************************************************************************************** 14
14 127.27650617182255 **********
**************************************************************************************************** 15
15 120.94075063988566 **********
**************************************************************************************************** 16
16 116.91394550770521 **********
**************************************************************************************************** 17
17 113.85551706150174 **********
**************************************************************************************************** 18
18 111.58876766651869 **********
**************************************************************************************************** 19
19 110.02311992272735 **********
Model saved as /data1/whao_model/pose_estimate/whole_process/eight/step--1--1/ep019.pth
val_loss 107.91178478501737
best_val_loss 200
Model saved as /data1/whao_model/pose_estimate/whole_process/eight/step--1--1/best_model.pth
Saved Best Model with Validation Loss: 107.9118
**************************************************************************************************** 20
20 108.2558011329174 **********
**************************************************************************************************** 21
21 107.27143569648265 **********
**************************************************************************************************** 22
22 106.51829154342413 **********
**************************************************************************************************** 23
23 105.7207512126863 **********
**************************************************************************************************** 24
24 104.8491649352014 **********
**************************************************************************************************** 25
25 104.3031426282227 **********
**************************************************************************************************** 26
26 103.81328464180231 **********
**************************************************************************************************** 27
27 103.4159081400931 **********
**************************************************************************************************** 28
28 102.77815283030272 **********
**************************************************************************************************** 29
29 102.61457399040461 **********
**************************************************************************************************** 30
30 102.09583190232516 **********
**************************************************************************************************** 31
31 101.69490690331907 **********
**************************************************************************************************** 32
32 101.70182535149156 **********
**************************************************************************************************** 33
33 101.11077219232916 **********
**************************************************************************************************** 34
34 100.96363021411001 **********
**************************************************************************************************** 35
35 93.26712434247136 **********
**************************************************************************************************** 36
36 84.16316533498465 **********
**************************************************************************************************** 37
37 80.24024786993861 **********
**************************************************************************************************** 38
38 78.32943355515599 **********
**************************************************************************************************** 39
39 77.02364458017051 **********
Model saved as /data1/whao_model/pose_estimate/whole_process/eight/step--1--1/ep039.pth
val_loss 76.78605993129312
best_val_loss 107.91178478501737
Model saved as /data1/whao_model/pose_estimate/whole_process/eight/step--1--1/best_model.pth
Saved Best Model with Validation Loss: 76.7861
**************************************************************************************************** 40
40 75.98931125290692 **********
**************************************************************************************************** 41
41 75.26581071037799 **********
**************************************************************************************************** 42
42 74.57263710282743 **********
**************************************************************************************************** 43
43 74.11967426151037 **********
**************************************************************************************************** 44
44 73.58690828345716 **********
**************************************************************************************************** 45
45 nan **********
**************************************************************************************************** 46
46 nan **********
**************************************************************************************************** 47
47 nan **********
**************************************************************************************************** 48
48 nan **********
**************************************************************************************************** 49
49 nan **********
**************************************************************************************************** 50
50 nan **********
**************************************************************************************************** 51
51 nan **********
**************************************************************************************************** 52
52 nan **********
**************************************************************************************************** 53
53 nan **********
**************************************************************************************************** 54
54 nan **********
**************************************************************************************************** 55
55 nan **********
**************************************************************************************************** 56
56 nan **********
**************************************************************************************************** 57
57 nan **********
**************************************************************************************************** 58
58 nan **********
**************************************************************************************************** 59
59 nan **********
Model saved as /data1/whao_model/pose_estimate/whole_process/eight/step--1--1/ep059.pth
trigger_times 1
**************************************************************************************************** 60
60 nan **********
**************************************************************************************************** 61
61 nan **********
**************************************************************************************************** 62
62 nan **********
**************************************************************************************************** 63
63 nan **********
**************************************************************************************************** 64
64 nan **********
**************************************************************************************************** 65
65 nan **********
**************************************************************************************************** 66
66 nan **********
**************************************************************************************************** 67
67 nan **********
**************************************************************************************************** 68
68 nan **********
**************************************************************************************************** 69
69 nan **********
**************************************************************************************************** 70
70 nan **********
**************************************************************************************************** 71
71 nan **********
**************************************************************************************************** 72
72 nan **********
**************************************************************************************************** 73
73 nan **********
**************************************************************************************************** 74
74 nan **********
**************************************************************************************************** 75
75 nan **********
**************************************************************************************************** 76
76 nan **********
**************************************************************************************************** 77
77 nan **********
**************************************************************************************************** 78
78 nan **********
**************************************************************************************************** 79
79 nan **********
Model saved as /data1/whao_model/pose_estimate/whole_process/eight/step--1--1/ep079.pth
trigger_times 2
**************************************************************************************************** 80
80 nan **********
**************************************************************************************************** 81
81 nan **********
**************************************************************************************************** 82
82 nan **********
**************************************************************************************************** 83
83 nan **********
**************************************************************************************************** 84
84 nan **********
**************************************************************************************************** 85
85 nan **********
**************************************************************************************************** 86
86 nan **********
**************************************************************************************************** 87
87 nan **********
**************************************************************************************************** 88
88 nan **********
**************************************************************************************************** 89
89 nan **********
**************************************************************************************************** 90
90 nan **********
**************************************************************************************************** 91
91 nan **********
**************************************************************************************************** 92
92 nan **********
**************************************************************************************************** 93
93 nan **********
**************************************************************************************************** 94
94 nan **********
**************************************************************************************************** 95
95 nan **********
**************************************************************************************************** 96
96 nan **********
**************************************************************************************************** 97
97 nan **********
**************************************************************************************************** 98
98 nan **********
**************************************************************************************************** 99
99 nan **********
Model saved as /data1/whao_model/pose_estimate/whole_process/eight/step--1--1/ep099.pth
trigger_times 3
**************************************************************************************************** 100
100 nan **********
**************************************************************************************************** 101
101 nan **********
**************************************************************************************************** 102
102 nan **********
**************************************************************************************************** 103
103 nan **********
**************************************************************************************************** 104
104 nan **********
**************************************************************************************************** 105
105 nan **********
**************************************************************************************************** 106
106 nan **********
**************************************************************************************************** 107
107 nan **********
**************************************************************************************************** 108
108 nan **********
**************************************************************************************************** 109
109 nan **********
**************************************************************************************************** 110
110 nan **********
**************************************************************************************************** 111
111 nan **********
**************************************************************************************************** 112
112 nan **********
**************************************************************************************************** 113
113 nan **********
**************************************************************************************************** 114
114 nan **********
**************************************************************************************************** 115
115 nan **********
**************************************************************************************************** 116
116 nan **********
**************************************************************************************************** 117
117 nan **********
**************************************************************************************************** 118
118 nan **********
**************************************************************************************************** 119
119 nan **********
Model saved as /data1/whao_model/pose_estimate/whole_process/eight/step--1--1/ep119.pth
trigger_times 4
Early stopping triggered!
